# JRE version: Java(TM) SE Runtime Environment (14.0+36) (build 14+36-1461)
# Java VM: Java HotSpot(TM) 64-Bit Server VM (14+36-1461, mixed mode, sharing, tiered, compressed oops, g1 gc, windows-amd64)
Heap:
 garbage-first heap   total 753664K, used 325981K [0x0000000080000000, 0x0000000100000000)
  region size 1024K, 3 young (3072K), 3 survivors (3072K)
 Metaspace       used 114913K, capacity 119933K, committed 120064K, reserved 620544K
  class space    used 15486K, capacity 17406K, committed 17408K, reserved 516096K
GC Heap History (20 events):
Event: 152.810 GC heap after
{Heap after GC invocations=105 (full 0):
 garbage-first heap   total 347136K, used 206558K [0x0000000080000000, 0x0000000100000000)
  region size 1024K, 5 young (5120K), 5 survivors (5120K)
 Metaspace       used 108638K, capacity 113329K, committed 113664K, reserved 614400K
  class space    used 14513K, capacity 16288K, committed 16384K, reserved 516096K
}
Event: 154.525 GC heap before
{Heap before GC invocations=106 (full 0):
 garbage-first heap   total 391168K, used 264926K [0x0000000080000000, 0x0000000100000000)
  region size 1024K, 46 young (47104K), 5 survivors (5120K)
 Metaspace       used 108858K, capacity 113564K, committed 113664K, reserved 614400K
  class space    used 14538K, capacity 16323K, committed 16384K, reserved 516096K
}
Event: 154.620 GC heap after
{Heap after GC invocations=107 (full 0):
 garbage-first heap   total 391168K, used 232719K [0x0000000080000000, 0x0000000100000000)
  region size 1024K, 7 young (7168K), 7 survivors (7168K)
 Metaspace       used 108858K, capacity 113564K, committed 113664K, reserved 614400K
  class space    used 14538K, capacity 16323K, committed 16384K, reserved 516096K
}
Event: 157.436 GC heap before
{Heap before GC invocations=108 (full 0):
 garbage-first heap   total 416768K, used 286991K [0x0000000080000000, 0x0000000100000000)
  region size 1024K, 59 young (60416K), 7 survivors (7168K)
 Metaspace       used 111119K, capacity 115865K, committed 115968K, reserved 616448K
  class space    used 15006K, capacity 16833K, committed 16896K, reserved 516096K
}
Event: 157.579 GC heap after
{Heap after GC invocations=109 (full 0):
 garbage-first heap   total 416768K, used 256474K [0x0000000080000000, 0x0000000100000000)
  region size 1024K, 8 young (8192K), 8 survivors (8192K)
 Metaspace       used 111119K, capacity 115865K, committed 115968K, reserved 616448K
  class space    used 15006K, capacity 16833K, committed 16896K, reserved 516096K
}
Event: 158.133 GC heap before
{Heap before GC invocations=109 (full 0):
 garbage-first heap   total 416768K, used 309722K [0x0000000080000000, 0x0000000100000000)
  region size 1024K, 61 young (62464K), 8 survivors (8192K)
 Metaspace       used 111144K, capacity 115932K, committed 116224K, reserved 616448K
  class space    used 15006K, capacity 16833K, committed 16896K, reserved 516096K
}
Event: 158.364 GC heap after
{Heap after GC invocations=110 (full 0):
 garbage-first heap   total 416768K, used 284122K [0x0000000080000000, 0x0000000100000000)
  region size 1024K, 8 young (8192K), 8 survivors (8192K)
 Metaspace       used 111144K, capacity 115932K, committed 116224K, reserved 616448K
  class space    used 15006K, capacity 16833K, committed 16896K, reserved 516096K
}
Event: 161.298 GC heap before
{Heap before GC invocations=111 (full 0):
 garbage-first heap   total 476160K, used 324058K [0x0000000080000000, 0x0000000100000000)
  region size 1024K, 48 young (49152K), 8 survivors (8192K)
 Metaspace       used 113055K, capacity 117857K, committed 118016K, reserved 618496K
  class space    used 15282K, capacity 17146K, committed 17152K, reserved 516096K
}
Event: 161.365 GC heap after
{Heap after GC invocations=112 (full 0):
 garbage-first heap   total 476160K, used 295386K [0x0000000080000000, 0x0000000100000000)
  region size 1024K, 6 young (6144K), 6 survivors (6144K)
 Metaspace       used 113055K, capacity 117857K, committed 118016K, reserved 618496K
  class space    used 15282K, capacity 17146K, committed 17152K, reserved 516096K
}
Event: 162.340 GC heap before
{Heap before GC invocations=112 (full 0):
 garbage-first heap   total 476160K, used 357850K [0x0000000080000000, 0x0000000100000000)
  region size 1024K, 67 young (68608K), 6 survivors (6144K)
 Metaspace       used 113929K, capacity 118943K, committed 119296K, reserved 618496K
  class space    used 15401K, capacity 17309K, committed 17408K, reserved 516096K
}
Event: 162.405 GC heap after
{Heap after GC invocations=113 (full 0):
 garbage-first heap   total 476160K, used 302362K [0x0000000080000000, 0x0000000100000000)
  region size 1024K, 7 young (7168K), 7 survivors (7168K)
 Metaspace       used 113929K, capacity 118943K, committed 119296K, reserved 618496K
  class space    used 15401K, capacity 17309K, committed 17408K, reserved 516096K
}
Event: 163.786 GC heap before
{Heap before GC invocations=114 (full 0):
 garbage-first heap   total 491520K, used 294170K [0x0000000080000000, 0x0000000100000000)
  region size 1024K, 9 young (9216K), 7 survivors (7168K)
 Metaspace       used 113916K, capacity 118922K, committed 119296K, reserved 618496K
  class space    used 15397K, capacity 17300K, committed 17408K, reserved 516096K
}
Event: 163.810 GC heap after
{Heap after GC invocations=115 (full 0):
 garbage-first heap   total 491520K, used 294362K [0x0000000080000000, 0x0000000100000000)
  region size 1024K, 1 young (1024K), 1 survivors (1024K)
 Metaspace       used 113916K, capacity 118922K, committed 119296K, reserved 618496K
  class space    used 15397K, capacity 17300K, committed 17408K, reserved 516096K
}
Event: 165.745 GC heap before
{Heap before GC invocations=116 (full 0):
 garbage-first heap   total 539648K, used 340442K [0x0000000080000000, 0x0000000100000000)
  region size 1024K, 42 young (43008K), 1 survivors (1024K)
 Metaspace       used 114122K, capacity 119081K, committed 119296K, reserved 618496K
  class space    used 15416K, capacity 17308K, committed 17408K, reserved 516096K
}
Event: 165.808 GC heap after
{Heap after GC invocations=117 (full 0):
 garbage-first heap   total 539648K, used 304170K [0x0000000080000000, 0x0000000100000000)
  region size 1024K, 5 young (5120K), 5 survivors (5120K)
 Metaspace       used 114122K, capacity 119081K, committed 119296K, reserved 618496K
  class space    used 15416K, capacity 17308K, committed 17408K, reserved 516096K
}
Event: 169.516 GC heap before
{Heap before GC invocations=118 (full 0):
 garbage-first heap   total 539648K, used 428586K [0x0000000080000000, 0x0000000100000000)
  region size 1024K, 111 young (113664K), 5 survivors (5120K)
 Metaspace       used 114604K, capacity 119620K, committed 119808K, reserved 618496K
  class space    used 15466K, capacity 17375K, committed 17408K, reserved 516096K
}
Event: 169.615 GC heap after
{Heap after GC invocations=119 (full 0):
 garbage-first heap   total 539648K, used 334554K [0x0000000080000000, 0x0000000100000000)
  region size 1024K, 14 young (14336K), 14 survivors (14336K)
 Metaspace       used 114604K, capacity 119620K, committed 119808K, reserved 618496K
  class space    used 15466K, capacity 17375K, committed 17408K, reserved 516096K
}
Event: 169.940 GC heap before
{Heap before GC invocations=119 (full 0):
 garbage-first heap   total 539648K, used 358106K [0x0000000080000000, 0x0000000100000000)
  region size 1024K, 26 young (26624K), 14 survivors (14336K)
 Metaspace       used 114673K, capacity 119688K, committed 119808K, reserved 618496K
  class space    used 15468K, capacity 17376K, committed 17408K, reserved 516096K
}
Event: 170.259 GC heap after
{Heap after GC invocations=120 (full 0):
 garbage-first heap   total 539648K, used 326216K [0x0000000080000000, 0x0000000100000000)
  region size 1024K, 3 young (3072K), 3 survivors (3072K)
 Metaspace       used 114673K, capacity 119688K, committed 119808K, reserved 618496K
  class space    used 15468K, capacity 17376K, committed 17408K, reserved 516096K
}
Event: 171.612 GC heap before
{Heap before GC invocations=120 (full 0):
 garbage-first heap   total 539648K, used 382536K [0x0000000080000000, 0x0000000100000000)
  region size 1024K, 59 young (60416K), 3 survivors (3072K)
 Metaspace       used 114913K, capacity 119933K, committed 120064K, reserved 620544K
  class space    used 15486K, capacity 17406K, committed 17408K, reserved 516096K
}

