# JRE version: Java(TM) SE Runtime Environment (14.0+36) (build 14+36-1461)
# Java VM: Java HotSpot(TM) 64-Bit Server VM (14+36-1461, mixed mode, sharing, tiered, compressed oops, g1 gc, windows-amd64)
Heap:
 garbage-first heap   total 488448K, used 291328K [0x0000000080000000, 0x0000000100000000)
  region size 1024K, 12 young (12288K), 11 survivors (11264K)
 Metaspace       used 121145K, capacity 126389K, committed 126720K, reserved 624640K
  class space    used 16099K, capacity 18098K, committed 18176K, reserved 516096K
GC Heap History (20 events):
Event: 451.287 GC heap before
{Heap before GC invocations=122 (full 0):
 garbage-first heap   total 362496K, used 308455K [0x0000000080000000, 0x0000000100000000)
  region size 1024K, 94 young (96256K), 3 survivors (3072K)
 Metaspace       used 116833K, capacity 121847K, committed 122112K, reserved 620544K
  class space    used 15648K, capacity 17572K, committed 17664K, reserved 516096K
}
Event: 451.305 GC heap after
{Heap after GC invocations=123 (full 0):
 garbage-first heap   total 362496K, used 216533K [0x0000000080000000, 0x0000000100000000)
  region size 1024K, 4 young (4096K), 4 survivors (4096K)
 Metaspace       used 116833K, capacity 121847K, committed 122112K, reserved 620544K
  class space    used 15648K, capacity 17572K, committed 17664K, reserved 516096K
}
Event: 455.861 GC heap before
{Heap before GC invocations=123 (full 0):
 garbage-first heap   total 362496K, used 311765K [0x0000000080000000, 0x0000000100000000)
  region size 1024K, 97 young (99328K), 4 survivors (4096K)
 Metaspace       used 116881K, capacity 121852K, committed 122112K, reserved 620544K
  class space    used 15651K, capacity 17572K, committed 17664K, reserved 516096K
}
Event: 455.883 GC heap after
{Heap after GC invocations=124 (full 0):
 garbage-first heap   total 362496K, used 218069K [0x0000000080000000, 0x0000000100000000)
  region size 1024K, 6 young (6144K), 6 survivors (6144K)
 Metaspace       used 116881K, capacity 121852K, committed 122112K, reserved 620544K
  class space    used 15651K, capacity 17572K, committed 17664K, reserved 516096K
}
Event: 458.294 GC heap before
{Heap before GC invocations=125 (full 0):
 garbage-first heap   total 367616K, used 312277K [0x0000000080000000, 0x0000000100000000)
  region size 1024K, 98 young (100352K), 6 survivors (6144K)
 Metaspace       used 116946K, capacity 121933K, committed 122112K, reserved 620544K
  class space    used 15656K, capacity 17577K, committed 17664K, reserved 516096K
}
Event: 458.313 GC heap after
{Heap after GC invocations=126 (full 0):
 garbage-first heap   total 367616K, used 218624K [0x0000000080000000, 0x0000000100000000)
  region size 1024K, 6 young (6144K), 6 survivors (6144K)
 Metaspace       used 116946K, capacity 121933K, committed 122112K, reserved 620544K
  class space    used 15656K, capacity 17577K, committed 17664K, reserved 516096K
}
Event: 459.288 GC heap before
{Heap before GC invocations=126 (full 0):
 garbage-first heap   total 367616K, used 320000K [0x0000000080000000, 0x0000000100000000)
  region size 1024K, 105 young (107520K), 6 survivors (6144K)
 Metaspace       used 116985K, capacity 122003K, committed 122112K, reserved 620544K
  class space    used 15656K, capacity 17577K, committed 17664K, reserved 516096K
}
Event: 459.315 GC heap after
{Heap after GC invocations=127 (full 0):
 garbage-first heap   total 367616K, used 219648K [0x0000000080000000, 0x0000000100000000)
  region size 1024K, 7 young (7168K), 7 survivors (7168K)
 Metaspace       used 116985K, capacity 122003K, committed 122112K, reserved 620544K
  class space    used 15656K, capacity 17577K, committed 17664K, reserved 516096K
}
Event: 461.629 GC heap before
{Heap before GC invocations=128 (full 0):
 garbage-first heap   total 368640K, used 322048K [0x0000000080000000, 0x0000000100000000)
  region size 1024K, 107 young (109568K), 7 survivors (7168K)
 Metaspace       used 117009K, capacity 122012K, committed 122112K, reserved 620544K
  class space    used 15658K, capacity 17580K, committed 17664K, reserved 516096K
}
Event: 461.661 GC heap after
{Heap after GC invocations=129 (full 0):
 garbage-first heap   total 368640K, used 220160K [0x0000000080000000, 0x0000000100000000)
  region size 1024K, 8 young (8192K), 8 survivors (8192K)
 Metaspace       used 117009K, capacity 122012K, committed 122112K, reserved 620544K
  class space    used 15658K, capacity 17580K, committed 17664K, reserved 516096K
}
Event: 466.979 GC heap before
{Heap before GC invocations=129 (full 0):
 garbage-first heap   total 368640K, used 284672K [0x0000000080000000, 0x0000000100000000)
  region size 1024K, 72 young (73728K), 8 survivors (8192K)
 Metaspace       used 118560K, capacity 123682K, committed 123904K, reserved 622592K
  class space    used 15844K, capacity 17800K, committed 17920K, reserved 516096K
}
Event: 467.005 GC heap after
{Heap after GC invocations=130 (full 0):
 garbage-first heap   total 368640K, used 223752K [0x0000000080000000, 0x0000000100000000)
  region size 1024K, 10 young (10240K), 10 survivors (10240K)
 Metaspace       used 118560K, capacity 123682K, committed 123904K, reserved 622592K
  class space    used 15844K, capacity 17800K, committed 17920K, reserved 516096K
}
Event: 477.602 GC heap before
{Heap before GC invocations=131 (full 0):
 garbage-first heap   total 384000K, used 251400K [0x0000000080000000, 0x0000000100000000)
  region size 1024K, 38 young (38912K), 10 survivors (10240K)
 Metaspace       used 120202K, capacity 125473K, committed 125568K, reserved 624640K
  class space    used 16001K, capacity 18010K, committed 18048K, reserved 516096K
}
Event: 477.627 GC heap after
{Heap after GC invocations=132 (full 0):
 garbage-first heap   total 384000K, used 218960K [0x0000000080000000, 0x0000000100000000)
  region size 1024K, 4 young (4096K), 4 survivors (4096K)
 Metaspace       used 120202K, capacity 125473K, committed 125568K, reserved 624640K
  class space    used 16001K, capacity 18010K, committed 18048K, reserved 516096K
}
Event: 489.108 GC heap before
{Heap before GC invocations=133 (full 0):
 garbage-first heap   total 384000K, used 367440K [0x0000000080000000, 0x0000000100000000)
  region size 1024K, 119 young (121856K), 4 survivors (4096K)
 Metaspace       used 120764K, capacity 126015K, committed 126208K, reserved 624640K
  class space    used 16073K, capacity 18083K, committed 18176K, reserved 516096K
}
Event: 489.219 GC heap after
{Heap after GC invocations=134 (full 0):
 garbage-first heap   total 399360K, used 265936K [0x0000000080000000, 0x0000000100000000)
  region size 1024K, 15 young (15360K), 15 survivors (15360K)
 Metaspace       used 120764K, capacity 126015K, committed 126208K, reserved 624640K
  class space    used 16073K, capacity 18083K, committed 18176K, reserved 516096K
}
Event: 489.308 GC heap before
{Heap before GC invocations=134 (full 0):
 garbage-first heap   total 399360K, used 270032K [0x0000000080000000, 0x0000000100000000)
  region size 1024K, 19 young (19456K), 15 survivors (15360K)
 Metaspace       used 120764K, capacity 126015K, committed 126208K, reserved 624640K
  class space    used 16073K, capacity 18083K, committed 18176K, reserved 516096K
}
Event: 489.490 GC heap after
{Heap after GC invocations=135 (full 0):
 garbage-first heap   total 399360K, used 248320K [0x0000000080000000, 0x0000000100000000)
  region size 1024K, 2 young (2048K), 2 survivors (2048K)
 Metaspace       used 120764K, capacity 126015K, committed 126208K, reserved 624640K
  class space    used 16073K, capacity 18083K, committed 18176K, reserved 516096K
}
Event: 492.822 GC heap before
{Heap before GC invocations=135 (full 0):
 garbage-first heap   total 399360K, used 331264K [0x0000000080000000, 0x0000000100000000)
  region size 1024K, 84 young (86016K), 2 survivors (2048K)
 Metaspace       used 121145K, capacity 126389K, committed 126720K, reserved 624640K
  class space    used 16099K, capacity 18098K, committed 18176K, reserved 516096K
}
Event: 493.043 GC heap after
{Heap after GC invocations=136 (full 0):
 garbage-first heap   total 399360K, used 291328K [0x0000000080000000, 0x0000000100000000)
  region size 1024K, 11 young (11264K), 11 survivors (11264K)
 Metaspace       used 121145K, capacity 126389K, committed 126720K, reserved 624640K
  class space    used 16099K, capacity 18098K, committed 18176K, reserved 516096K
}

