# JRE version: Java(TM) SE Runtime Environment (14.0+36) (build 14+36-1461)
# Java VM: Java HotSpot(TM) 64-Bit Server VM (14+36-1461, mixed mode, sharing, tiered, compressed oops, g1 gc, windows-amd64)
Heap:
 garbage-first heap   total 522240K, used 245207K [0x0000000080000000, 0x0000000100000000)
  region size 1024K, 2 young (2048K), 2 survivors (2048K)
 Metaspace       used 163638K, capacity 170868K, committed 171008K, reserved 663552K
  class space    used 20889K, capacity 23468K, committed 23552K, reserved 516096K
GC Heap History (20 events):
Event: 5648.832 GC heap after
{Heap after GC invocations=288 (full 0):
 garbage-first heap   total 455680K, used 245569K [0x0000000080000000, 0x0000000100000000)
  region size 1024K, 3 young (3072K), 3 survivors (3072K)
 Metaspace       used 163592K, capacity 170780K, committed 171008K, reserved 663552K
  class space    used 20882K, capacity 23460K, committed 23552K, reserved 516096K
}
Event: 5651.170 GC heap before
{Heap before GC invocations=289 (full 0):
 garbage-first heap   total 455680K, used 383809K [0x0000000080000000, 0x0000000100000000)
  region size 1024K, 138 young (141312K), 3 survivors (3072K)
 Metaspace       used 163594K, capacity 170780K, committed 171008K, reserved 663552K
  class space    used 20882K, capacity 23460K, committed 23552K, reserved 516096K
}
Event: 5651.187 GC heap after
{Heap after GC invocations=290 (full 0):
 garbage-first heap   total 455680K, used 247617K [0x0000000080000000, 0x0000000100000000)
  region size 1024K, 5 young (5120K), 5 survivors (5120K)
 Metaspace       used 163594K, capacity 170780K, committed 171008K, reserved 663552K
  class space    used 20882K, capacity 23460K, committed 23552K, reserved 516096K
}
Event: 5652.347 GC heap before
{Heap before GC invocations=290 (full 0):
 garbage-first heap   total 455680K, used 386881K [0x0000000080000000, 0x0000000100000000)
  region size 1024K, 141 young (144384K), 5 survivors (5120K)
 Metaspace       used 163596K, capacity 170781K, committed 171008K, reserved 663552K
  class space    used 20882K, capacity 23460K, committed 23552K, reserved 516096K
}
Event: 5652.367 GC heap after
{Heap after GC invocations=291 (full 0):
 garbage-first heap   total 455680K, used 248969K [0x0000000080000000, 0x0000000100000000)
  region size 1024K, 6 young (6144K), 6 survivors (6144K)
 Metaspace       used 163596K, capacity 170781K, committed 171008K, reserved 663552K
  class space    used 20882K, capacity 23460K, committed 23552K, reserved 516096K
}
Event: 5654.602 GC heap before
{Heap before GC invocations=292 (full 0):
 garbage-first heap   total 455680K, used 390281K [0x0000000080000000, 0x0000000100000000)
  region size 1024K, 144 young (147456K), 6 survivors (6144K)
 Metaspace       used 163601K, capacity 170783K, committed 171008K, reserved 663552K
  class space    used 20883K, capacity 23461K, committed 23552K, reserved 516096K
}
Event: 5654.627 GC heap after
{Heap after GC invocations=293 (full 0):
 garbage-first heap   total 455680K, used 250177K [0x0000000080000000, 0x0000000100000000)
  region size 1024K, 7 young (7168K), 7 survivors (7168K)
 Metaspace       used 163601K, capacity 170783K, committed 171008K, reserved 663552K
  class space    used 20883K, capacity 23461K, committed 23552K, reserved 516096K
}
Event: 5654.974 GC heap before
{Heap before GC invocations=293 (full 0):
 garbage-first heap   total 455680K, used 284993K [0x0000000080000000, 0x0000000100000000)
  region size 1024K, 42 young (43008K), 7 survivors (7168K)
 Metaspace       used 163605K, capacity 170783K, committed 171008K, reserved 663552K
  class space    used 20883K, capacity 23461K, committed 23552K, reserved 516096K
}
Event: 5655.002 GC heap after
{Heap after GC invocations=294 (full 0):
 garbage-first heap   total 455680K, used 254273K [0x0000000080000000, 0x0000000100000000)
  region size 1024K, 11 young (11264K), 11 survivors (11264K)
 Metaspace       used 163605K, capacity 170783K, committed 171008K, reserved 663552K
  class space    used 20883K, capacity 23461K, committed 23552K, reserved 516096K
}
Event: 5656.337 GC heap before
{Heap before GC invocations=295 (full 0):
 garbage-first heap   total 455680K, used 261441K [0x0000000080000000, 0x0000000100000000)
  region size 1024K, 17 young (17408K), 11 survivors (11264K)
 Metaspace       used 163608K, capacity 170783K, committed 171008K, reserved 663552K
  class space    used 20883K, capacity 23461K, committed 23552K, reserved 516096K
}
Event: 5656.359 GC heap after
{Heap after GC invocations=296 (full 0):
 garbage-first heap   total 455680K, used 246651K [0x0000000080000000, 0x0000000100000000)
  region size 1024K, 4 young (4096K), 4 survivors (4096K)
 Metaspace       used 163608K, capacity 170783K, committed 171008K, reserved 663552K
  class space    used 20883K, capacity 23461K, committed 23552K, reserved 516096K
}
Event: 5658.667 GC heap before
{Heap before GC invocations=297 (full 0):
 garbage-first heap   total 455680K, used 397179K [0x0000000080000000, 0x0000000100000000)
  region size 1024K, 150 young (153600K), 4 survivors (4096K)
 Metaspace       used 163622K, capacity 170796K, committed 171008K, reserved 663552K
  class space    used 20887K, capacity 23465K, committed 23552K, reserved 516096K
}
Event: 5658.766 GC heap after
{Heap after GC invocations=298 (full 0):
 garbage-first heap   total 455680K, used 266425K [0x0000000080000000, 0x0000000100000000)
  region size 1024K, 19 young (19456K), 19 survivors (19456K)
 Metaspace       used 163622K, capacity 170796K, committed 171008K, reserved 663552K
  class space    used 20887K, capacity 23465K, committed 23552K, reserved 516096K
}
Event: 5659.656 GC heap before
{Heap before GC invocations=298 (full 0):
 garbage-first heap   total 455680K, used 389305K [0x0000000080000000, 0x0000000100000000)
  region size 1024K, 139 young (142336K), 19 survivors (19456K)
 Metaspace       used 163629K, capacity 170868K, committed 171008K, reserved 663552K
  class space    used 20888K, capacity 23468K, committed 23552K, reserved 516096K
}
Event: 5659.719 GC heap after
{Heap after GC invocations=299 (full 0):
 garbage-first heap   total 455680K, used 265902K [0x0000000080000000, 0x0000000100000000)
  region size 1024K, 2 young (2048K), 2 survivors (2048K)
 Metaspace       used 163629K, capacity 170868K, committed 171008K, reserved 663552K
  class space    used 20888K, capacity 23468K, committed 23552K, reserved 516096K
}
Event: 5661.668 GC heap before
{Heap before GC invocations=300 (full 0):
 garbage-first heap   total 455680K, used 392878K [0x0000000080000000, 0x0000000100000000)
  region size 1024K, 126 young (129024K), 2 survivors (2048K)
 Metaspace       used 163632K, capacity 170868K, committed 171008K, reserved 663552K
  class space    used 20889K, capacity 23468K, committed 23552K, reserved 516096K
}
Event: 5661.722 GC heap after
{Heap after GC invocations=301 (full 0):
 garbage-first heap   total 455680K, used 267950K [0x0000000080000000, 0x0000000100000000)
  region size 1024K, 4 young (4096K), 4 survivors (4096K)
 Metaspace       used 163632K, capacity 170868K, committed 171008K, reserved 663552K
  class space    used 20889K, capacity 23468K, committed 23552K, reserved 516096K
}
Event: 5661.975 GC heap before
{Heap before GC invocations=301 (full 0):
 garbage-first heap   total 455680K, used 286382K [0x0000000080000000, 0x0000000100000000)
  region size 1024K, 22 young (22528K), 4 survivors (4096K)
 Metaspace       used 163632K, capacity 170868K, committed 171008K, reserved 663552K
  class space    used 20889K, capacity 23468K, committed 23552K, reserved 516096K
}
Event: 5662.220 GC heap after
{Heap after GC invocations=302 (full 0):
 garbage-first heap   total 455680K, used 244241K [0x0000000080000000, 0x0000000100000000)
  region size 1024K, 1 young (1024K), 1 survivors (1024K)
 Metaspace       used 163632K, capacity 170868K, committed 171008K, reserved 663552K
  class space    used 20889K, capacity 23468K, committed 23552K, reserved 516096K
}
Event: 5663.084 GC heap before
{Heap before GC invocations=302 (full 0):
 garbage-first heap   total 455680K, used 391697K [0x0000000080000000, 0x0000000100000000)
  region size 1024K, 145 young (148480K), 1 survivors (1024K)
 Metaspace       used 163638K, capacity 170868K, committed 171008K, reserved 663552K
  class space    used 20889K, capacity 23468K, committed 23552K, reserved 516096K
}

