# JRE version: Java(TM) SE Runtime Environment (14.0+36) (build 14+36-1461)
# Java VM: Java HotSpot(TM) 64-Bit Server VM (14+36-1461, mixed mode, sharing, tiered, compressed oops, g1 gc, windows-amd64)
Heap:
 garbage-first heap   total 638976K, used 381714K [0x0000000080000000, 0x0000000100000000)
  region size 1024K, 54 young (55296K), 10 survivors (10240K)
 Metaspace       used 153471K, capacity 160125K, committed 160128K, reserved 655360K
  class space    used 19695K, capacity 22141K, committed 22144K, reserved 516096K
GC Heap History (20 events):
Event: 1356.114 GC heap before
{Heap before GC invocations=144 (full 0):
 garbage-first heap   total 409600K, used 346993K [0x0000000080000000, 0x0000000100000000)
  region size 1024K, 86 young (88064K), 3 survivors (3072K)
 Metaspace       used 153051K, capacity 159669K, committed 159872K, reserved 655360K
  class space    used 19684K, capacity 22132K, committed 22144K, reserved 516096K
}
Event: 1356.268 GC heap after
{Heap after GC invocations=145 (full 0):
 garbage-first heap   total 409600K, used 289140K [0x0000000080000000, 0x0000000100000000)
  region size 1024K, 11 young (11264K), 11 survivors (11264K)
 Metaspace       used 153051K, capacity 159669K, committed 159872K, reserved 655360K
  class space    used 19684K, capacity 22132K, committed 22144K, reserved 516096K
}
Event: 1359.925 GC heap before
{Heap before GC invocations=145 (full 0):
 garbage-first heap   total 409600K, used 298356K [0x0000000080000000, 0x0000000100000000)
  region size 1024K, 20 young (20480K), 11 survivors (11264K)
 Metaspace       used 153089K, capacity 159733K, committed 159872K, reserved 655360K
  class space    used 19684K, capacity 22132K, committed 22144K, reserved 516096K
}
Event: 1360.107 GC heap after
{Heap after GC invocations=146 (full 0):
 garbage-first heap   total 409600K, used 270848K [0x0000000080000000, 0x0000000100000000)
  region size 1024K, 3 young (3072K), 3 survivors (3072K)
 Metaspace       used 153089K, capacity 159733K, committed 159872K, reserved 655360K
  class space    used 19684K, capacity 22132K, committed 22144K, reserved 516096K
}
Event: 1360.617 GC heap before
{Heap before GC invocations=146 (full 0):
 garbage-first heap   total 409600K, used 327168K [0x0000000080000000, 0x0000000100000000)
  region size 1024K, 58 young (59392K), 3 survivors (3072K)
 Metaspace       used 153104K, capacity 159733K, committed 159872K, reserved 655360K
  class space    used 19684K, capacity 22132K, committed 22144K, reserved 516096K
}
Event: 1360.755 GC heap after
{Heap after GC invocations=147 (full 0):
 garbage-first heap   total 409600K, used 300544K [0x0000000080000000, 0x0000000100000000)
  region size 1024K, 8 young (8192K), 8 survivors (8192K)
 Metaspace       used 153104K, capacity 159733K, committed 159872K, reserved 655360K
  class space    used 19684K, capacity 22132K, committed 22144K, reserved 516096K
}
Event: 1363.224 GC heap before
{Heap before GC invocations=148 (full 0):
 garbage-first heap   total 516096K, used 328192K [0x0000000080000000, 0x0000000100000000)
  region size 1024K, 36 young (36864K), 8 survivors (8192K)
 Metaspace       used 153184K, capacity 159872K, committed 160128K, reserved 655360K
  class space    used 19685K, capacity 22131K, committed 22144K, reserved 516096K
}
Event: 1363.287 GC heap after
{Heap after GC invocations=149 (full 0):
 garbage-first heap   total 516096K, used 309248K [0x0000000080000000, 0x0000000100000000)
  region size 1024K, 5 young (5120K), 5 survivors (5120K)
 Metaspace       used 153184K, capacity 159872K, committed 160128K, reserved 655360K
  class space    used 19685K, capacity 22131K, committed 22144K, reserved 516096K
}
Event: 1364.108 GC heap before
{Heap before GC invocations=149 (full 0):
 garbage-first heap   total 516096K, used 369664K [0x0000000080000000, 0x0000000100000000)
  region size 1024K, 66 young (67584K), 5 survivors (5120K)
 Metaspace       used 153278K, capacity 159958K, committed 160128K, reserved 655360K
  class space    used 19687K, capacity 22133K, committed 22144K, reserved 516096K
}
Event: 1364.170 GC heap after
{Heap after GC invocations=150 (full 0):
 garbage-first heap   total 516096K, used 315392K [0x0000000080000000, 0x0000000100000000)
  region size 1024K, 10 young (10240K), 10 survivors (10240K)
 Metaspace       used 153278K, capacity 159958K, committed 160128K, reserved 655360K
  class space    used 19687K, capacity 22133K, committed 22144K, reserved 516096K
}
Event: 1365.760 GC heap before
{Heap before GC invocations=151 (full 0):
 garbage-first heap   total 516096K, used 321536K [0x0000000080000000, 0x0000000100000000)
  region size 1024K, 25 young (25600K), 10 survivors (10240K)
 Metaspace       used 153284K, capacity 159958K, committed 160128K, reserved 655360K
  class space    used 19687K, capacity 22133K, committed 22144K, reserved 516096K
}
Event: 1365.820 GC heap after
{Heap after GC invocations=152 (full 0):
 garbage-first heap   total 516096K, used 308864K [0x0000000080000000, 0x0000000100000000)
  region size 1024K, 7 young (7168K), 7 survivors (7168K)
 Metaspace       used 153284K, capacity 159958K, committed 160128K, reserved 655360K
  class space    used 19687K, capacity 22133K, committed 22144K, reserved 516096K
}
Event: 1367.437 GC heap before
{Heap before GC invocations=153 (full 0):
 garbage-first heap   total 562176K, used 336512K [0x0000000080000000, 0x0000000100000000)
  region size 1024K, 32 young (32768K), 7 survivors (7168K)
 Metaspace       used 153322K, capacity 159961K, committed 160128K, reserved 655360K
  class space    used 19687K, capacity 22133K, committed 22144K, reserved 516096K
}
Event: 1367.501 GC heap after
{Heap after GC invocations=154 (full 0):
 garbage-first heap   total 562176K, used 315666K [0x0000000080000000, 0x0000000100000000)
  region size 1024K, 5 young (5120K), 5 survivors (5120K)
 Metaspace       used 153322K, capacity 159961K, committed 160128K, reserved 655360K
  class space    used 19687K, capacity 22133K, committed 22144K, reserved 516096K
}
Event: 1369.008 GC heap before
{Heap before GC invocations=155 (full 0):
 garbage-first heap   total 572416K, used 346386K [0x0000000080000000, 0x0000000100000000)
  region size 1024K, 30 young (30720K), 5 survivors (5120K)
 Metaspace       used 153417K, capacity 160039K, committed 160128K, reserved 655360K
  class space    used 19692K, capacity 22136K, committed 22144K, reserved 516096K
}
Event: 1369.039 GC heap after
{Heap after GC invocations=156 (full 0):
 garbage-first heap   total 572416K, used 323346K [0x0000000080000000, 0x0000000100000000)
  region size 1024K, 6 young (6144K), 6 survivors (6144K)
 Metaspace       used 153417K, capacity 160039K, committed 160128K, reserved 655360K
  class space    used 19692K, capacity 22136K, committed 22144K, reserved 516096K
}
Event: 1370.586 GC heap before
{Heap before GC invocations=157 (full 0):
 garbage-first heap   total 572416K, used 330514K [0x0000000080000000, 0x0000000100000000)
  region size 1024K, 13 young (13312K), 6 survivors (6144K)
 Metaspace       used 153421K, capacity 160040K, committed 160128K, reserved 655360K
  class space    used 19692K, capacity 22136K, committed 22144K, reserved 516096K
}
Event: 1370.615 GC heap after
{Heap after GC invocations=158 (full 0):
 garbage-first heap   total 572416K, used 324882K [0x0000000080000000, 0x0000000100000000)
  region size 1024K, 7 young (7168K), 7 survivors (7168K)
 Metaspace       used 153421K, capacity 160040K, committed 160128K, reserved 655360K
  class space    used 19692K, capacity 22136K, committed 22144K, reserved 516096K
}
Event: 1372.121 GC heap before
{Heap before GC invocations=159 (full 0):
 garbage-first heap   total 572416K, used 356626K [0x0000000080000000, 0x0000000100000000)
  region size 1024K, 36 young (36864K), 7 survivors (7168K)
 Metaspace       used 153452K, capacity 160121K, committed 160128K, reserved 655360K
  class space    used 19695K, capacity 22141K, committed 22144K, reserved 516096K
}
Event: 1372.160 GC heap after
{Heap after GC invocations=160 (full 0):
 garbage-first heap   total 572416K, used 332562K [0x0000000080000000, 0x0000000100000000)
  region size 1024K, 10 young (10240K), 10 survivors (10240K)
 Metaspace       used 153452K, capacity 160121K, committed 160128K, reserved 655360K
  class space    used 19695K, capacity 22141K, committed 22144K, reserved 516096K
}

